# JRE version: OpenJDK Runtime Environment (11.0.9.1+1) (build 11.0.9.1+1-Ubuntu-0ubuntu1.20.04)
# Java VM: OpenJDK 64-Bit Server VM (11.0.9.1+1-Ubuntu-0ubuntu1.20.04, mixed mode, tiered, compressed oops, g1 gc, linux-amd64)
Heap:
 garbage-first heap   total 256000K, used 58163K [0x0000000706c00000, 0x0000000800000000)
  region size 1024K, 51 young (52224K), 4 survivors (4096K)
 Metaspace       used 26323K, capacity 27087K, committed 27264K, reserved 1073152K
  class space    used 3316K, capacity 3586K, committed 3712K, reserved 1048576K
GC Heap History (8 events):
Event: 0,324 GC heap before
{Heap before GC invocations=0 (full 0):
 garbage-first heap   total 256000K, used 22528K [0x0000000706c00000, 0x0000000800000000)
  region size 1024K, 22 young (22528K), 0 survivors (0K)
 Metaspace       used 10272K, capacity 10432K, committed 10752K, reserved 1058816K
  class space    used 921K, capacity 989K, committed 1024K, reserved 1048576K
}
Event: 0,332 GC heap after
{Heap after GC invocations=1 (full 0):
 garbage-first heap   total 256000K, used 7939K [0x0000000706c00000, 0x0000000800000000)
  region size 1024K, 3 young (3072K), 3 survivors (3072K)
 Metaspace       used 10272K, capacity 10432K, committed 10752K, reserved 1058816K
  class space    used 921K, capacity 989K, committed 1024K, reserved 1048576K
}
Event: 0,627 GC heap before
{Heap before GC invocations=1 (full 0):
 garbage-first heap   total 256000K, used 57091K [0x0000000706c00000, 0x0000000800000000)
  region size 1024K, 51 young (52224K), 3 survivors (3072K)
 Metaspace       used 16332K, capacity 16915K, committed 17280K, reserved 1064960K
  class space    used 1688K, capacity 1893K, committed 1920K, reserved 1048576K
}
Event: 0,633 GC heap after
{Heap after GC invocations=2 (full 0):
 garbage-first heap   total 256000K, used 9572K [0x0000000706c00000, 0x0000000800000000)
  region size 1024K, 5 young (5120K), 5 survivors (5120K)
 Metaspace       used 16332K, capacity 16915K, committed 17280K, reserved 1064960K
  class space    used 1688K, capacity 1893K, committed 1920K, reserved 1048576K
}
Event: 0,859 GC heap before
{Heap before GC invocations=2 (full 0):
 garbage-first heap   total 256000K, used 63844K [0x0000000706c00000, 0x0000000800000000)
  region size 1024K, 59 young (60416K), 5 survivors (5120K)
 Metaspace       used 20382K, capacity 20922K, committed 21248K, reserved 1069056K
  class space    used 2240K, capacity 2436K, committed 2560K, reserved 1048576K
}
Event: 0,866 GC heap after
{Heap after GC invocations=3 (full 0):
 garbage-first heap   total 256000K, used 10945K [0x0000000706c00000, 0x0000000800000000)
  region size 1024K, 3 young (3072K), 3 survivors (3072K)
 Metaspace       used 20382K, capacity 20922K, committed 21248K, reserved 1069056K
  class space    used 2240K, capacity 2436K, committed 2560K, reserved 1048576K
}
Event: 1,242 GC heap before
{Heap before GC invocations=4 (full 0):
 garbage-first heap   total 256000K, used 85697K [0x0000000706c00000, 0x0000000800000000)
  region size 1024K, 76 young (77824K), 3 survivors (3072K)
 Metaspace       used 25685K, capacity 26383K, committed 26624K, reserved 1073152K
  class space    used 3229K, capacity 3481K, committed 3584K, reserved 1048576K
}
Event: 1,246 GC heap after
{Heap after GC invocations=5 (full 0):
 garbage-first heap   total 256000K, used 12083K [0x0000000706c00000, 0x0000000800000000)
  region size 1024K, 4 young (4096K), 4 survivors (4096K)
 Metaspace       used 25685K, capacity 26383K, committed 26624K, reserved 1073152K
  class space    used 3229K, capacity 3481K, committed 3584K, reserved 1048576K
}

