# JRE version: OpenJDK Runtime Environment (11.0.9.1+1) (build 11.0.9.1+1-Ubuntu-0ubuntu1.20.04)
# Java VM: OpenJDK 64-Bit Server VM (11.0.9.1+1-Ubuntu-0ubuntu1.20.04, mixed mode, tiered, compressed oops, g1 gc, linux-amd64)
Heap:
 garbage-first heap   total 307200K, used 52434K [0x0000000706c00000, 0x0000000800000000)
  region size 1024K, 46 young (47104K), 4 survivors (4096K)
 Metaspace       used 26358K, capacity 27103K, committed 27520K, reserved 1073152K
  class space    used 3319K, capacity 3586K, committed 3712K, reserved 1048576K
GC Heap History (10 events):
Event: 0,462 GC heap before
{Heap before GC invocations=0 (full 0):
 garbage-first heap   total 256000K, used 22528K [0x0000000706c00000, 0x0000000800000000)
  region size 1024K, 22 young (22528K), 0 survivors (0K)
 Metaspace       used 10286K, capacity 10448K, committed 10496K, reserved 1058816K
  class space    used 920K, capacity 989K, committed 1024K, reserved 1048576K
}
Event: 0,469 GC heap after
{Heap after GC invocations=1 (full 0):
 garbage-first heap   total 256000K, used 7823K [0x0000000706c00000, 0x0000000800000000)
  region size 1024K, 3 young (3072K), 3 survivors (3072K)
 Metaspace       used 10286K, capacity 10448K, committed 10496K, reserved 1058816K
  class space    used 920K, capacity 989K, committed 1024K, reserved 1048576K
}
Event: 0,660 GC heap before
{Heap before GC invocations=1 (full 0):
 garbage-first heap   total 256000K, used 35471K [0x0000000706c00000, 0x0000000800000000)
  region size 1024K, 30 young (30720K), 3 survivors (3072K)
 Metaspace       used 13917K, capacity 14395K, committed 14720K, reserved 1062912K
  class space    used 1384K, capacity 1540K, committed 1664K, reserved 1048576K
}
Event: 0,665 GC heap after
{Heap after GC invocations=2 (full 0):
 garbage-first heap   total 256000K, used 8588K [0x0000000706c00000, 0x0000000800000000)
  region size 1024K, 1 young (1024K), 1 survivors (1024K)
 Metaspace       used 13917K, capacity 14395K, committed 14720K, reserved 1062912K
  class space    used 1384K, capacity 1540K, committed 1664K, reserved 1048576K
}
Event: 0,860 GC heap before
{Heap before GC invocations=2 (full 0):
 garbage-first heap   total 256000K, used 49548K [0x0000000706c00000, 0x0000000800000000)
  region size 1024K, 41 young (41984K), 1 survivors (1024K)
 Metaspace       used 18127K, capacity 18695K, committed 19072K, reserved 1067008K
  class space    used 1894K, capacity 2094K, committed 2176K, reserved 1048576K
}
Event: 0,865 GC heap after
{Heap after GC invocations=3 (full 0):
 garbage-first heap   total 256000K, used 9946K [0x0000000706c00000, 0x0000000800000000)
  region size 1024K, 3 young (3072K), 3 survivors (3072K)
 Metaspace       used 18127K, capacity 18695K, committed 19072K, reserved 1067008K
  class space    used 1894K, capacity 2094K, committed 2176K, reserved 1048576K
}
Event: 0,991 GC heap before
{Heap before GC invocations=3 (full 0):
 garbage-first heap   total 256000K, used 43738K [0x0000000706c00000, 0x0000000800000000)
  region size 1024K, 37 young (37888K), 3 survivors (3072K)
 Metaspace       used 20386K, capacity 20938K, committed 21248K, reserved 1069056K
  class space    used 2239K, capacity 2436K, committed 2560K, reserved 1048576K
}
Event: 0,995 GC heap after
{Heap after GC invocations=4 (full 0):
 garbage-first heap   total 256000K, used 10400K [0x0000000706c00000, 0x0000000800000000)
  region size 1024K, 3 young (3072K), 3 survivors (3072K)
 Metaspace       used 20386K, capacity 20938K, committed 21248K, reserved 1069056K
  class space    used 2239K, capacity 2436K, committed 2560K, reserved 1048576K
}
Event: 1,374 GC heap before
{Heap before GC invocations=5 (full 0):
 garbage-first heap   total 256000K, used 89248K [0x0000000706c00000, 0x0000000800000000)
  region size 1024K, 81 young (82944K), 3 survivors (3072K)
 Metaspace       used 25801K, capacity 26503K, committed 26880K, reserved 1073152K
  class space    used 3246K, capacity 3515K, committed 3584K, reserved 1048576K
}
Event: 1,380 GC heap after
{Heap after GC invocations=6 (full 0):
 garbage-first heap   total 307200K, used 11474K [0x0000000706c00000, 0x0000000800000000)
  region size 1024K, 4 young (4096K), 4 survivors (4096K)
 Metaspace       used 25801K, capacity 26503K, committed 26880K, reserved 1073152K
  class space    used 3246K, capacity 3515K, committed 3584K, reserved 1048576K
}

