# JRE version: OpenJDK Runtime Environment (15.0.1+9) (build 15.0.1+9-18)
# Java VM: OpenJDK 64-Bit Server VM (15.0.1+9-18, mixed mode, tiered, compressed oops, g1 gc, linux-amd64)
GC Precious Log:
 CPUs: 6 total, 6 available
 Memory: 15949M
 Large Page Support: Disabled
 NUMA Support: Disabled
 Compressed Oops: Enabled (Zero based)
 Heap Region Size: 2M
 Heap Min Capacity: 8M
 Heap Initial Capacity: 250M
 Heap Max Capacity: 3988M
 Pre-touch: Disabled
 Parallel Workers: 6
 Concurrent Workers: 2
 Concurrent Refinement Workers: 6
 Periodic GC: Disabled
Heap:
 garbage-first heap   total 155648K, used 22820K [0x0000000706c00000, 0x0000000800000000)
  region size 2048K, 9 young (18432K), 1 survivors (2048K)
 Metaspace       used 26804K, capacity 27148K, committed 27392K, reserved 1073152K
  class space    used 3210K, capacity 3293K, committed 3328K, reserved 1048576K
GC Heap History (14 events):
Event: 0,519 GC heap before
{Heap before GC invocations=0 (full 0):
 garbage-first heap   total 256000K, used 20480K [0x0000000706c00000, 0x0000000800000000)
  region size 2048K, 10 young (20480K), 0 survivors (0K)
 Metaspace       used 11401K, capacity 11472K, committed 11648K, reserved 1060864K
  class space    used 1012K, capacity 1051K, committed 1152K, reserved 1048576K
}
Event: 0,523 GC heap after
{Heap after GC invocations=1 (full 0):
 garbage-first heap   total 256000K, used 6804K [0x0000000706c00000, 0x0000000800000000)
  region size 2048K, 2 young (4096K), 2 survivors (4096K)
 Metaspace       used 11401K, capacity 11472K, committed 11648K, reserved 1060864K
  class space    used 1012K, capacity 1051K, committed 1152K, reserved 1048576K
}
Event: 0,703 GC heap before
{Heap before GC invocations=1 (full 0):
 garbage-first heap   total 256000K, used 25236K [0x0000000706c00000, 0x0000000800000000)
  region size 2048K, 11 young (22528K), 2 survivors (4096K)
 Metaspace       used 14549K, capacity 14715K, committed 14848K, reserved 1062912K
  class space    used 1410K, capacity 1465K, committed 1536K, reserved 1048576K
}
Event: 0,705 GC heap after
{Heap after GC invocations=2 (full 0):
 garbage-first heap   total 256000K, used 7581K [0x0000000706c00000, 0x0000000800000000)
  region size 2048K, 1 young (2048K), 1 survivors (2048K)
 Metaspace       used 14549K, capacity 14715K, committed 14848K, reserved 1062912K
  class space    used 1410K, capacity 1465K, committed 1536K, reserved 1048576K
}
Event: 0,957 GC heap before
{Heap before GC invocations=2 (full 0):
 garbage-first heap   total 256000K, used 48541K [0x0000000706c00000, 0x0000000800000000)
  region size 2048K, 21 young (43008K), 1 survivors (2048K)
 Metaspace       used 19637K, capacity 19874K, committed 20096K, reserved 1067008K
  class space    used 2078K, capacity 2114K, committed 2176K, reserved 1048576K
}
Event: 0,961 GC heap after
{Heap after GC invocations=3 (full 0):
 garbage-first heap   total 256000K, used 9146K [0x0000000706c00000, 0x0000000800000000)
  region size 2048K, 2 young (4096K), 2 survivors (4096K)
 Metaspace       used 19637K, capacity 19874K, committed 20096K, reserved 1067008K
  class space    used 2078K, capacity 2114K, committed 2176K, reserved 1048576K
}
Event: 1,023 GC heap before
{Heap before GC invocations=3 (full 0):
 garbage-first heap   total 256000K, used 21434K [0x0000000706c00000, 0x0000000800000000)
  region size 2048K, 9 young (18432K), 2 survivors (4096K)
 Metaspace       used 20715K, capacity 20933K, committed 21248K, reserved 1069056K
  class space    used 2232K, capacity 2275K, committed 2304K, reserved 1048576K
}
Event: 1,026 GC heap after
{Heap after GC invocations=4 (full 0):
 garbage-first heap   total 256000K, used 9365K [0x0000000706c00000, 0x0000000800000000)
  region size 2048K, 2 young (4096K), 2 survivors (4096K)
 Metaspace       used 20715K, capacity 20933K, committed 21248K, reserved 1069056K
  class space    used 2232K, capacity 2275K, committed 2304K, reserved 1048576K
}
Event: 1,247 GC heap before
{Heap before GC invocations=5 (full 0):
 garbage-first heap   total 49152K, used 46229K [0x0000000706c00000, 0x0000000800000000)
  region size 2048K, 20 young (40960K), 2 survivors (4096K)
 Metaspace       used 24201K, capacity 24560K, committed 25088K, reserved 1071104K
  class space    used 2870K, capacity 2964K, committed 3072K, reserved 1048576K
}
Event: 1,249 GC heap after
{Heap after GC invocations=6 (full 0):
 garbage-first heap   total 53248K, used 10142K [0x0000000706c00000, 0x0000000800000000)
  region size 2048K, 2 young (4096K), 2 survivors (4096K)
 Metaspace       used 24201K, capacity 24560K, committed 25088K, reserved 1071104K
  class space    used 2870K, capacity 2964K, committed 3072K, reserved 1048576K
}
Event: 1,354 GC heap before
{Heap before GC invocations=6 (full 0):
 garbage-first heap   total 53248K, used 32670K [0x0000000706c00000, 0x0000000800000000)
  region size 2048K, 14 young (28672K), 2 survivors (4096K)
 Metaspace       used 25759K, capacity 26090K, committed 26496K, reserved 1073152K
  class space    used 3106K, capacity 3195K, committed 3200K, reserved 1048576K
}
Event: 1,356 GC heap after
{Heap after GC invocations=7 (full 0):
 garbage-first heap   total 53248K, used 10462K [0x0000000706c00000, 0x0000000800000000)
  region size 2048K, 1 young (2048K), 1 survivors (2048K)
 Metaspace       used 25759K, capacity 26090K, committed 26496K, reserved 1073152K
  class space    used 3106K, capacity 3195K, committed 3200K, reserved 1048576K
}
Event: 1,359 GC heap before
{Heap before GC invocations=7 (full 0):
 garbage-first heap   total 53248K, used 32990K [0x0000000706c00000, 0x0000000800000000)
  region size 2048K, 13 young (26624K), 1 survivors (2048K)
 Metaspace       used 25759K, capacity 26090K, committed 26496K, reserved 1073152K
  class space    used 3106K, capacity 3195K, committed 3200K, reserved 1048576K
}
Event: 1,361 GC heap after
{Heap after GC invocations=8 (full 0):
 garbage-first heap   total 155648K, used 10532K [0x0000000706c00000, 0x0000000800000000)
  region size 2048K, 1 young (2048K), 1 survivors (2048K)
 Metaspace       used 25759K, capacity 26090K, committed 26496K, reserved 1073152K
  class space    used 3106K, capacity 3195K, committed 3200K, reserved 1048576K
}

